# JRE version: Java(TM) SE Runtime Environment (17.0.12+8) (build 17.0.12+8-LTS-286)
# Java VM: Java HotSpot(TM) 64-Bit Server VM (17.0.12+8-LTS-286, mixed mode, sharing, tiered, compressed oops, compressed class ptrs, g1 gc, windows-amd64)
GC Precious Log:
 CPUs: 8 total, 8 available
 Memory: 6086M
 Large Page Support: Disabled
 NUMA Support: Disabled
 Compressed Oops: Enabled (32-bit)
 Heap Region Size: 1M
 Heap Min Capacity: 8M
 Heap Initial Capacity: 96M
 Heap Max Capacity: 1522M
 Pre-touch: Disabled
 Parallel Workers: 8
 Concurrent Workers: 2
 Concurrent Refinement Workers: 8
 Periodic GC: Disabled
Heap:
 garbage-first heap   total 196608K, used 28819K [0x00000000a0e00000, 0x0000000100000000)
  region size 1024K, 10 young (10240K), 2 survivors (2048K)
 Metaspace       used 13383K, committed 13632K, reserved 1114112K
  class space    used 1506K, committed 1600K, reserved 1048576K
GC Heap History (18 events):
Event: 2.839 GC heap before
{Heap before GC invocations=0 (full 0):
 garbage-first heap   total 98304K, used 23552K [0x00000000a0e00000, 0x0000000100000000)
  region size 1024K, 23 young (23552K), 0 survivors (0K)
 Metaspace       used 5595K, committed 5760K, reserved 1114112K
  class space    used 640K, committed 704K, reserved 1048576K
}
Event: 2.848 GC heap after
{Heap after GC invocations=1 (full 0):
 garbage-first heap   total 98304K, used 3932K [0x00000000a0e00000, 0x0000000100000000)
  region size 1024K, 3 young (3072K), 3 survivors (3072K)
 Metaspace       used 5595K, committed 5760K, reserved 1114112K
  class space    used 640K, committed 704K, reserved 1048576K
}
Event: 3.956 GC heap before
{Heap before GC invocations=1 (full 0):
 garbage-first heap   total 98304K, used 34652K [0x00000000a0e00000, 0x0000000100000000)
  region size 1024K, 33 young (33792K), 3 survivors (3072K)
 Metaspace       used 10093K, committed 10240K, reserved 1114112K
  class space    used 1231K, committed 1280K, reserved 1048576K
}
Event: 3.968 GC heap after
{Heap after GC invocations=2 (full 0):
 garbage-first heap   total 98304K, used 5861K [0x00000000a0e00000, 0x0000000100000000)
  region size 1024K, 2 young (2048K), 2 survivors (2048K)
 Metaspace       used 10093K, committed 10240K, reserved 1114112K
  class space    used 1231K, committed 1280K, reserved 1048576K
}
Event: 5.704 GC heap before
{Heap before GC invocations=2 (full 0):
 garbage-first heap   total 98304K, used 62181K [0x00000000a0e00000, 0x0000000100000000)
  region size 1024K, 57 young (58368K), 2 survivors (2048K)
 Metaspace       used 12846K, committed 13056K, reserved 1114112K
  class space    used 1483K, committed 1600K, reserved 1048576K
}
Event: 5.732 GC heap after
{Heap after GC invocations=3 (full 0):
 garbage-first heap   total 98304K, used 12872K [0x00000000a0e00000, 0x0000000100000000)
  region size 1024K, 8 young (8192K), 8 survivors (8192K)
 Metaspace       used 12846K, committed 13056K, reserved 1114112K
  class space    used 1483K, committed 1600K, reserved 1048576K
}
Event: 8.855 GC heap before
{Heap before GC invocations=3 (full 0):
 garbage-first heap   total 98304K, used 63048K [0x00000000a0e00000, 0x0000000100000000)
  region size 1024K, 57 young (58368K), 8 survivors (8192K)
 Metaspace       used 13197K, committed 13376K, reserved 1114112K
  class space    used 1506K, committed 1600K, reserved 1048576K
}
Event: 9.867 GC heap after
{Heap after GC invocations=4 (full 0):
 garbage-first heap   total 98304K, used 19654K [0x00000000a0e00000, 0x0000000100000000)
  region size 1024K, 7 young (7168K), 7 survivors (7168K)
 Metaspace       used 13197K, committed 13376K, reserved 1114112K
  class space    used 1506K, committed 1600K, reserved 1048576K
}
Event: 9.963 GC heap before
{Heap before GC invocations=4 (full 0):
 garbage-first heap   total 98304K, used 20678K [0x00000000a0e00000, 0x0000000100000000)
  region size 1024K, 8 young (8192K), 7 survivors (7168K)
 Metaspace       used 13207K, committed 13376K, reserved 1114112K
  class space    used 1506K, committed 1600K, reserved 1048576K
}
Event: 9.977 GC heap after
{Heap after GC invocations=5 (full 0):
 garbage-first heap   total 98304K, used 20480K [0x00000000a0e00000, 0x0000000100000000)
  region size 1024K, 1 young (1024K), 1 survivors (1024K)
 Metaspace       used 13207K, committed 13376K, reserved 1114112K
  class space    used 1506K, committed 1600K, reserved 1048576K
}
Event: 10.167 GC heap before
{Heap before GC invocations=5 (full 0):
 garbage-first heap   total 98304K, used 23552K [0x00000000a0e00000, 0x0000000100000000)
  region size 1024K, 4 young (4096K), 1 survivors (1024K)
 Metaspace       used 13215K, committed 13376K, reserved 1114112K
  class space    used 1506K, committed 1600K, reserved 1048576K
}
Event: 10.170 GC heap after
{Heap after GC invocations=6 (full 0):
 garbage-first heap   total 196608K, used 20119K [0x00000000a0e00000, 0x0000000100000000)
  region size 1024K, 1 young (1024K), 1 survivors (1024K)
 Metaspace       used 13215K, committed 13376K, reserved 1114112K
  class space    used 1506K, committed 1600K, reserved 1048576K
}
Event: 10.836 GC heap before
{Heap before GC invocations=6 (full 0):
 garbage-first heap   total 196608K, used 27287K [0x00000000a0e00000, 0x0000000100000000)
  region size 1024K, 9 young (9216K), 1 survivors (1024K)
 Metaspace       used 13302K, committed 13440K, reserved 1114112K
  class space    used 1506K, committed 1600K, reserved 1048576K
}
Event: 10.839 GC heap after
{Heap after GC invocations=7 (full 0):
 garbage-first heap   total 196608K, used 20619K [0x00000000a0e00000, 0x0000000100000000)
  region size 1024K, 2 young (2048K), 2 survivors (2048K)
 Metaspace       used 13302K, committed 13440K, reserved 1114112K
  class space    used 1506K, committed 1600K, reserved 1048576K
}
Event: 12.127 GC heap before
{Heap before GC invocations=7 (full 0):
 garbage-first heap   total 196608K, used 27787K [0x00000000a0e00000, 0x0000000100000000)
  region size 1024K, 9 young (9216K), 2 survivors (2048K)
 Metaspace       used 13346K, committed 13568K, reserved 1114112K
  class space    used 1506K, committed 1600K, reserved 1048576K
}
Event: 12.129 GC heap after
{Heap after GC invocations=8 (full 0):
 garbage-first heap   total 196608K, used 20806K [0x00000000a0e00000, 0x0000000100000000)
  region size 1024K, 2 young (2048K), 2 survivors (2048K)
 Metaspace       used 13346K, committed 13568K, reserved 1114112K
  class space    used 1506K, committed 1600K, reserved 1048576K
}
Event: 12.466 GC heap before
{Heap before GC invocations=8 (full 0):
 garbage-first heap   total 196608K, used 27974K [0x00000000a0e00000, 0x0000000100000000)
  region size 1024K, 9 young (9216K), 2 survivors (2048K)
 Metaspace       used 13355K, committed 13568K, reserved 1114112K
  class space    used 1506K, committed 1600K, reserved 1048576K
}
Event: 12.469 GC heap after
{Heap after GC invocations=9 (full 0):
 garbage-first heap   total 196608K, used 21651K [0x00000000a0e00000, 0x0000000100000000)
  region size 1024K, 2 young (2048K), 2 survivors (2048K)
 Metaspace       used 13355K, committed 13568K, reserved 1114112K
  class space    used 1506K, committed 1600K, reserved 1048576K
}

