# JRE version: Java(TM) SE Runtime Environment (17.0.12+8) (build 17.0.12+8-LTS-286)
# Java VM: Java HotSpot(TM) 64-Bit Server VM (17.0.12+8-LTS-286, mixed mode, sharing, tiered, compressed oops, compressed class ptrs, g1 gc, windows-amd64)
GC Precious Log:
 CPUs: 8 total, 8 available
 Memory: 6086M
 Large Page Support: Disabled
 NUMA Support: Disabled
 Compressed Oops: Enabled (32-bit)
 Heap Region Size: 1M
 Heap Min Capacity: 8M
 Heap Initial Capacity: 96M
 Heap Max Capacity: 384M
 Pre-touch: Disabled
 Parallel Workers: 8
 Concurrent Workers: 2
 Concurrent Refinement Workers: 8
 Periodic GC: Disabled
Heap:
 garbage-first heap   total 92160K, used 65165K [0x00000000e8000000, 0x0000000100000000)
  region size 1024K, 19 young (19456K), 2 survivors (2048K)
 Metaspace       used 76491K, committed 76864K, reserved 1179648K
  class space    used 9983K, committed 10176K, reserved 1048576K
GC Heap History (20 events):
Event: 137.417 GC heap before
{Heap before GC invocations=107 (full 0):
 garbage-first heap   total 92160K, used 78525K [0x00000000e8000000, 0x0000000100000000)
  region size 1024K, 36 young (36864K), 3 survivors (3072K)
 Metaspace       used 68726K, committed 69120K, reserved 1114112K
  class space    used 8971K, committed 9152K, reserved 1048576K
}
Event: 137.425 GC heap after
{Heap after GC invocations=108 (full 0):
 garbage-first heap   total 92160K, used 46475K [0x00000000e8000000, 0x0000000100000000)
  region size 1024K, 5 young (5120K), 5 survivors (5120K)
 Metaspace       used 68726K, committed 69120K, reserved 1114112K
  class space    used 8971K, committed 9152K, reserved 1048576K
}
Event: 138.179 GC heap before
{Heap before GC invocations=109 (full 0):
 garbage-first heap   total 92160K, used 77195K [0x00000000e8000000, 0x0000000100000000)
  region size 1024K, 35 young (35840K), 5 survivors (5120K)
 Metaspace       used 69562K, committed 69888K, reserved 1114112K
  class space    used 9088K, committed 9280K, reserved 1048576K
}
Event: 138.186 GC heap after
{Heap after GC invocations=110 (full 0):
 garbage-first heap   total 92160K, used 49115K [0x00000000e8000000, 0x0000000100000000)
  region size 1024K, 5 young (5120K), 5 survivors (5120K)
 Metaspace       used 69562K, committed 69888K, reserved 1114112K
  class space    used 9088K, committed 9280K, reserved 1048576K
}
Event: 138.195 GC heap before
{Heap before GC invocations=110 (full 0):
 garbage-first heap   total 92160K, used 50139K [0x00000000e8000000, 0x0000000100000000)
  region size 1024K, 6 young (6144K), 5 survivors (5120K)
 Metaspace       used 69579K, committed 69952K, reserved 1114112K
  class space    used 9091K, committed 9280K, reserved 1048576K
}
Event: 138.200 GC heap after
{Heap after GC invocations=111 (full 0):
 garbage-first heap   total 92160K, used 48538K [0x00000000e8000000, 0x0000000100000000)
  region size 1024K, 1 young (1024K), 1 survivors (1024K)
 Metaspace       used 69579K, committed 69952K, reserved 1114112K
  class space    used 9091K, committed 9280K, reserved 1048576K
}
Event: 138.810 GC heap before
{Heap before GC invocations=111 (full 0):
 garbage-first heap   total 92160K, used 77210K [0x00000000e8000000, 0x0000000100000000)
  region size 1024K, 29 young (29696K), 1 survivors (1024K)
 Metaspace       used 70267K, committed 70656K, reserved 1114112K
  class space    used 9204K, committed 9408K, reserved 1048576K
}
Event: 138.813 GC heap after
{Heap after GC invocations=112 (full 0):
 garbage-first heap   total 92160K, used 48183K [0x00000000e8000000, 0x0000000100000000)
  region size 1024K, 1 young (1024K), 1 survivors (1024K)
 Metaspace       used 70267K, committed 70656K, reserved 1114112K
  class space    used 9204K, committed 9408K, reserved 1048576K
}
Event: 139.725 GC heap before
{Heap before GC invocations=113 (full 0):
 garbage-first heap   total 92160K, used 76855K [0x00000000e8000000, 0x0000000100000000)
  region size 1024K, 29 young (29696K), 1 survivors (1024K)
 Metaspace       used 70864K, committed 71296K, reserved 1114112K
  class space    used 9287K, committed 9536K, reserved 1048576K
}
Event: 139.728 GC heap after
{Heap after GC invocations=114 (full 0):
 garbage-first heap   total 92160K, used 48441K [0x00000000e8000000, 0x0000000100000000)
  region size 1024K, 1 young (1024K), 1 survivors (1024K)
 Metaspace       used 70864K, committed 71296K, reserved 1114112K
  class space    used 9287K, committed 9536K, reserved 1048576K
}
Event: 139.818 GC heap before
{Heap before GC invocations=114 (full 0):
 garbage-first heap   total 92160K, used 51513K [0x00000000e8000000, 0x0000000100000000)
  region size 1024K, 4 young (4096K), 1 survivors (1024K)
 Metaspace       used 70888K, committed 71360K, reserved 1114112K
  class space    used 9290K, committed 9536K, reserved 1048576K
}
Event: 139.822 GC heap after
{Heap after GC invocations=115 (full 0):
 garbage-first heap   total 92160K, used 47951K [0x00000000e8000000, 0x0000000100000000)
  region size 1024K, 1 young (1024K), 1 survivors (1024K)
 Metaspace       used 70888K, committed 71360K, reserved 1114112K
  class space    used 9290K, committed 9536K, reserved 1048576K
}
Event: 141.166 GC heap before
{Heap before GC invocations=115 (full 0):
 garbage-first heap   total 92160K, used 77647K [0x00000000e8000000, 0x0000000100000000)
  region size 1024K, 30 young (30720K), 1 survivors (1024K)
 Metaspace       used 71792K, committed 72192K, reserved 1114112K
  class space    used 9414K, committed 9600K, reserved 1048576K
}
Event: 141.171 GC heap after
{Heap after GC invocations=116 (full 0):
 garbage-first heap   total 92160K, used 48377K [0x00000000e8000000, 0x0000000100000000)
  region size 1024K, 1 young (1024K), 1 survivors (1024K)
 Metaspace       used 71792K, committed 72192K, reserved 1114112K
  class space    used 9414K, committed 9600K, reserved 1048576K
}
Event: 141.958 GC heap before
{Heap before GC invocations=117 (full 0):
 garbage-first heap   total 92160K, used 78073K [0x00000000e8000000, 0x0000000100000000)
  region size 1024K, 30 young (30720K), 1 survivors (1024K)
 Metaspace       used 73477K, committed 73856K, reserved 1114112K
  class space    used 9631K, committed 9792K, reserved 1048576K
}
Event: 141.961 GC heap after
{Heap after GC invocations=118 (full 0):
 garbage-first heap   total 92160K, used 48762K [0x00000000e8000000, 0x0000000100000000)
  region size 1024K, 2 young (2048K), 2 survivors (2048K)
 Metaspace       used 73477K, committed 73856K, reserved 1114112K
  class space    used 9631K, committed 9792K, reserved 1048576K
}
Event: 142.014 GC heap before
{Heap before GC invocations=118 (full 0):
 garbage-first heap   total 92160K, used 50810K [0x00000000e8000000, 0x0000000100000000)
  region size 1024K, 4 young (4096K), 2 survivors (2048K)
 Metaspace       used 73530K, committed 73920K, reserved 1114112K
  class space    used 9640K, committed 9856K, reserved 1048576K
}
Event: 142.020 GC heap after
{Heap after GC invocations=119 (full 0):
 garbage-first heap   total 92160K, used 48274K [0x00000000e8000000, 0x0000000100000000)
  region size 1024K, 1 young (1024K), 1 survivors (1024K)
 Metaspace       used 73530K, committed 73920K, reserved 1114112K
  class space    used 9640K, committed 9856K, reserved 1048576K
}
Event: 182.560 GC heap before
{Heap before GC invocations=119 (full 0):
 garbage-first heap   total 92160K, used 77970K [0x00000000e8000000, 0x0000000100000000)
  region size 1024K, 31 young (31744K), 1 survivors (1024K)
 Metaspace       used 75483K, committed 75904K, reserved 1179648K
  class space    used 9885K, committed 10112K, reserved 1048576K
}
Event: 182.573 GC heap after
{Heap after GC invocations=120 (full 0):
 garbage-first heap   total 92160K, used 48781K [0x00000000e8000000, 0x0000000100000000)
  region size 1024K, 2 young (2048K), 2 survivors (2048K)
 Metaspace       used 75483K, committed 75904K, reserved 1179648K
  class space    used 9885K, committed 10112K, reserved 1048576K
}

