# JRE version: Java(TM) SE Runtime Environment (17.0.12+8) (build 17.0.12+8-LTS-286)
# Java VM: Java HotSpot(TM) 64-Bit Server VM (17.0.12+8-LTS-286, mixed mode, sharing, tiered, compressed oops, compressed class ptrs, g1 gc, windows-amd64)
GC Precious Log:
 CPUs: 8 total, 8 available
 Memory: 6086M
 Large Page Support: Disabled
 NUMA Support: Disabled
 Compressed Oops: Enabled (32-bit)
 Heap Region Size: 1M
 Heap Min Capacity: 8M
 Heap Initial Capacity: 96M
 Heap Max Capacity: 256M
 Pre-touch: Disabled
 Parallel Workers: 8
 Concurrent Workers: 2
 Concurrent Refinement Workers: 8
 Periodic GC: Disabled
Heap:
 garbage-first heap   total 46080K, used 20599K [0x00000000f0000000, 0x0000000100000000)
  region size 1024K, 2 young (2048K), 1 survivors (1024K)
 Metaspace       used 33529K, committed 33920K, reserved 1114112K
  class space    used 4166K, committed 4352K, reserved 1048576K
GC Heap History (20 events):
Event: 40.166 GC heap before
{Heap before GC invocations=24 (full 0):
 garbage-first heap   total 46080K, used 37090K [0x00000000f0000000, 0x0000000100000000)
  region size 1024K, 22 young (22528K), 3 survivors (3072K)
 Metaspace       used 29460K, committed 29824K, reserved 1114112K
  class space    used 3693K, committed 3904K, reserved 1048576K
}
Event: 40.181 GC heap after
{Heap after GC invocations=25 (full 0):
 garbage-first heap   total 46080K, used 18402K [0x00000000f0000000, 0x0000000100000000)
  region size 1024K, 3 young (3072K), 3 survivors (3072K)
 Metaspace       used 29460K, committed 29824K, reserved 1114112K
  class space    used 3693K, committed 3904K, reserved 1048576K
}
Event: 42.109 GC heap before
{Heap before GC invocations=25 (full 0):
 garbage-first heap   total 46080K, used 36834K [0x00000000f0000000, 0x0000000100000000)
  region size 1024K, 21 young (21504K), 3 survivors (3072K)
 Metaspace       used 30318K, committed 30656K, reserved 1114112K
  class space    used 3779K, committed 3968K, reserved 1048576K
}
Event: 42.122 GC heap after
{Heap after GC invocations=26 (full 0):
 garbage-first heap   total 46080K, used 18760K [0x00000000f0000000, 0x0000000100000000)
  region size 1024K, 2 young (2048K), 2 survivors (2048K)
 Metaspace       used 30318K, committed 30656K, reserved 1114112K
  class space    used 3779K, committed 3968K, reserved 1048576K
}
Event: 54.253 GC heap before
{Heap before GC invocations=26 (full 0):
 garbage-first heap   total 46080K, used 36168K [0x00000000f0000000, 0x0000000100000000)
  region size 1024K, 19 young (19456K), 2 survivors (2048K)
 Metaspace       used 31117K, committed 31424K, reserved 1114112K
  class space    used 3860K, committed 4032K, reserved 1048576K
}
Event: 54.260 GC heap after
{Heap after GC invocations=27 (full 0):
 garbage-first heap   total 46080K, used 19103K [0x00000000f0000000, 0x0000000100000000)
  region size 1024K, 2 young (2048K), 2 survivors (2048K)
 Metaspace       used 31117K, committed 31424K, reserved 1114112K
  class space    used 3860K, committed 4032K, reserved 1048576K
}
Event: 56.117 GC heap before
{Heap before GC invocations=27 (full 0):
 garbage-first heap   total 46080K, used 37535K [0x00000000f0000000, 0x0000000100000000)
  region size 1024K, 20 young (20480K), 2 survivors (2048K)
 Metaspace       used 32025K, committed 32320K, reserved 1114112K
  class space    used 3942K, committed 4096K, reserved 1048576K
}
Event: 56.125 GC heap after
{Heap after GC invocations=28 (full 0):
 garbage-first heap   total 46080K, used 19854K [0x00000000f0000000, 0x0000000100000000)
  region size 1024K, 3 young (3072K), 3 survivors (3072K)
 Metaspace       used 32025K, committed 32320K, reserved 1114112K
  class space    used 3942K, committed 4096K, reserved 1048576K
}
Event: 1279.934 GC heap before
{Heap before GC invocations=28 (full 0):
 garbage-first heap   total 46080K, used 36238K [0x00000000f0000000, 0x0000000100000000)
  region size 1024K, 19 young (19456K), 3 survivors (3072K)
 Metaspace       used 32258K, committed 32640K, reserved 1114112K
  class space    used 3975K, committed 4160K, reserved 1048576K
}
Event: 1280.864 GC heap after
{Heap after GC invocations=29 (full 0):
 garbage-first heap   total 46080K, used 19897K [0x00000000f0000000, 0x0000000100000000)
  region size 1024K, 2 young (2048K), 2 survivors (2048K)
 Metaspace       used 32258K, committed 32640K, reserved 1114112K
  class space    used 3975K, committed 4160K, reserved 1048576K
}
Event: 1280.885 GC heap before
{Heap before GC invocations=29 (full 0):
 garbage-first heap   total 46080K, used 20921K [0x00000000f0000000, 0x0000000100000000)
  region size 1024K, 3 young (3072K), 2 survivors (2048K)
 Metaspace       used 32259K, committed 32640K, reserved 1114112K
  class space    used 3975K, committed 4160K, reserved 1048576K
}
Event: 1280.888 GC heap after
{Heap after GC invocations=30 (full 0):
 garbage-first heap   total 46080K, used 20016K [0x00000000f0000000, 0x0000000100000000)
  region size 1024K, 1 young (1024K), 1 survivors (1024K)
 Metaspace       used 32259K, committed 32640K, reserved 1114112K
  class space    used 3975K, committed 4160K, reserved 1048576K
}
Event: 1280.902 GC heap before
{Heap before GC invocations=30 (full 0):
 garbage-first heap   total 46080K, used 21040K [0x00000000f0000000, 0x0000000100000000)
  region size 1024K, 2 young (2048K), 1 survivors (1024K)
 Metaspace       used 32275K, committed 32640K, reserved 1114112K
  class space    used 3977K, committed 4160K, reserved 1048576K
}
Event: 1280.903 GC heap after
{Heap after GC invocations=31 (full 0):
 garbage-first heap   total 46080K, used 19888K [0x00000000f0000000, 0x0000000100000000)
  region size 1024K, 1 young (1024K), 1 survivors (1024K)
 Metaspace       used 32275K, committed 32640K, reserved 1114112K
  class space    used 3977K, committed 4160K, reserved 1048576K
}
Event: 1280.984 GC heap before
{Heap before GC invocations=31 (full 0):
 garbage-first heap   total 46080K, used 20912K [0x00000000f0000000, 0x0000000100000000)
  region size 1024K, 2 young (2048K), 1 survivors (1024K)
 Metaspace       used 32310K, committed 32704K, reserved 1114112K
  class space    used 3981K, committed 4160K, reserved 1048576K
}
Event: 1280.985 GC heap after
{Heap after GC invocations=32 (full 0):
 garbage-first heap   total 46080K, used 19862K [0x00000000f0000000, 0x0000000100000000)
  region size 1024K, 1 young (1024K), 1 survivors (1024K)
 Metaspace       used 32310K, committed 32704K, reserved 1114112K
  class space    used 3981K, committed 4160K, reserved 1048576K
}
Event: 1281.114 GC heap before
{Heap before GC invocations=32 (full 0):
 garbage-first heap   total 46080K, used 20886K [0x00000000f0000000, 0x0000000100000000)
  region size 1024K, 2 young (2048K), 1 survivors (1024K)
 Metaspace       used 32321K, committed 32704K, reserved 1114112K
  class space    used 3983K, committed 4160K, reserved 1048576K
}
Event: 1281.115 GC heap after
{Heap after GC invocations=33 (full 0):
 garbage-first heap   total 46080K, used 19842K [0x00000000f0000000, 0x0000000100000000)
  region size 1024K, 1 young (1024K), 1 survivors (1024K)
 Metaspace       used 32321K, committed 32704K, reserved 1114112K
  class space    used 3983K, committed 4160K, reserved 1048576K
}
Event: 1281.848 GC heap before
{Heap before GC invocations=33 (full 0):
 garbage-first heap   total 46080K, used 36226K [0x00000000f0000000, 0x0000000100000000)
  region size 1024K, 18 young (18432K), 1 survivors (1024K)
 Metaspace       used 32861K, committed 33216K, reserved 1114112K
  class space    used 4048K, committed 4224K, reserved 1048576K
}
Event: 1281.851 GC heap after
{Heap after GC invocations=34 (full 0):
 garbage-first heap   total 46080K, used 20237K [0x00000000f0000000, 0x0000000100000000)
  region size 1024K, 1 young (1024K), 1 survivors (1024K)
 Metaspace       used 32861K, committed 33216K, reserved 1114112K
  class space    used 4048K, committed 4224K, reserved 1048576K
}

