# JRE version: Java(TM) SE Runtime Environment (17.0.12+8) (build 17.0.12+8-LTS-286)
# Java VM: Java HotSpot(TM) 64-Bit Server VM (17.0.12+8-LTS-286, mixed mode, sharing, tiered, compressed oops, compressed class ptrs, g1 gc, windows-amd64)
GC Precious Log:
 CPUs: 8 total, 8 available
 Memory: 6086M
 Large Page Support: Disabled
 NUMA Support: Disabled
 Compressed Oops: Enabled (32-bit)
 Heap Region Size: 1M
 Heap Min Capacity: 8M
 Heap Initial Capacity: 96M
 Heap Max Capacity: 128M
 Pre-touch: Disabled
 Parallel Workers: 8
 Concurrent Workers: 2
 Concurrent Refinement Workers: 8
 Periodic GC: Disabled
Heap:
 garbage-first heap   total 37888K, used 28495K [0x00000000f8000000, 0x0000000100000000)
  region size 1024K, 14 young (14336K), 2 survivors (2048K)
 Metaspace       used 29069K, committed 29440K, reserved 1114112K
  class space    used 3645K, committed 3840K, reserved 1048576K
GC Heap History (20 events):
Event: 37.594 GC heap before
{Heap before GC invocations=12 (full 0):
 garbage-first heap   total 37888K, used 29941K [0x00000000f8000000, 0x0000000100000000)
  region size 1024K, 20 young (20480K), 1 survivors (1024K)
 Metaspace       used 22112K, committed 22400K, reserved 1114112K
  class space    used 2750K, committed 2880K, reserved 1048576K
}
Event: 37.595 GC heap after
{Heap after GC invocations=13 (full 0):
 garbage-first heap   total 37888K, used 10509K [0x00000000f8000000, 0x0000000100000000)
  region size 1024K, 1 young (1024K), 1 survivors (1024K)
 Metaspace       used 22112K, committed 22400K, reserved 1114112K
  class space    used 2750K, committed 2880K, reserved 1048576K
}
Event: 38.335 GC heap before
{Heap before GC invocations=13 (full 0):
 garbage-first heap   total 37888K, used 29965K [0x00000000f8000000, 0x0000000100000000)
  region size 1024K, 20 young (20480K), 1 survivors (1024K)
 Metaspace       used 22457K, committed 22784K, reserved 1114112K
  class space    used 2788K, committed 2944K, reserved 1048576K
}
Event: 38.339 GC heap after
{Heap after GC invocations=14 (full 0):
 garbage-first heap   total 37888K, used 10893K [0x00000000f8000000, 0x0000000100000000)
  region size 1024K, 2 young (2048K), 2 survivors (2048K)
 Metaspace       used 22457K, committed 22784K, reserved 1114112K
  class space    used 2788K, committed 2944K, reserved 1048576K
}
Event: 38.771 GC heap before
{Heap before GC invocations=14 (full 0):
 garbage-first heap   total 37888K, used 30349K [0x00000000f8000000, 0x0000000100000000)
  region size 1024K, 21 young (21504K), 2 survivors (2048K)
 Metaspace       used 22739K, committed 23040K, reserved 1114112K
  class space    used 2818K, committed 2944K, reserved 1048576K
}
Event: 38.776 GC heap after
{Heap after GC invocations=15 (full 0):
 garbage-first heap   total 37888K, used 11318K [0x00000000f8000000, 0x0000000100000000)
  region size 1024K, 2 young (2048K), 2 survivors (2048K)
 Metaspace       used 22739K, committed 23040K, reserved 1114112K
  class space    used 2818K, committed 2944K, reserved 1048576K
}
Event: 39.035 GC heap before
{Heap before GC invocations=15 (full 0):
 garbage-first heap   total 37888K, used 30774K [0x00000000f8000000, 0x0000000100000000)
  region size 1024K, 21 young (21504K), 2 survivors (2048K)
 Metaspace       used 23002K, committed 23296K, reserved 1114112K
  class space    used 2856K, committed 3008K, reserved 1048576K
}
Event: 39.043 GC heap after
{Heap after GC invocations=16 (full 0):
 garbage-first heap   total 37888K, used 12098K [0x00000000f8000000, 0x0000000100000000)
  region size 1024K, 3 young (3072K), 3 survivors (3072K)
 Metaspace       used 23002K, committed 23296K, reserved 1114112K
  class space    used 2856K, committed 3008K, reserved 1048576K
}
Event: 39.207 GC heap before
{Heap before GC invocations=16 (full 0):
 garbage-first heap   total 37888K, used 29506K [0x00000000f8000000, 0x0000000100000000)
  region size 1024K, 20 young (20480K), 3 survivors (3072K)
 Metaspace       used 23116K, committed 23360K, reserved 1114112K
  class space    used 2868K, committed 3008K, reserved 1048576K
}
Event: 39.214 GC heap after
{Heap after GC invocations=17 (full 0):
 garbage-first heap   total 37888K, used 12815K [0x00000000f8000000, 0x0000000100000000)
  region size 1024K, 3 young (3072K), 3 survivors (3072K)
 Metaspace       used 23116K, committed 23360K, reserved 1114112K
  class space    used 2868K, committed 3008K, reserved 1048576K
}
Event: 39.468 GC heap before
{Heap before GC invocations=17 (full 0):
 garbage-first heap   total 37888K, used 29199K [0x00000000f8000000, 0x0000000100000000)
  region size 1024K, 19 young (19456K), 3 survivors (3072K)
 Metaspace       used 23337K, committed 23680K, reserved 1114112K
  class space    used 2893K, committed 3072K, reserved 1048576K
}
Event: 39.478 GC heap after
{Heap after GC invocations=18 (full 0):
 garbage-first heap   total 37888K, used 13406K [0x00000000f8000000, 0x0000000100000000)
  region size 1024K, 3 young (3072K), 3 survivors (3072K)
 Metaspace       used 23337K, committed 23680K, reserved 1114112K
  class space    used 2893K, committed 3072K, reserved 1048576K
}
Event: 39.918 GC heap before
{Heap before GC invocations=18 (full 0):
 garbage-first heap   total 37888K, used 29790K [0x00000000f8000000, 0x0000000100000000)
  region size 1024K, 19 young (19456K), 3 survivors (3072K)
 Metaspace       used 23842K, committed 24192K, reserved 1114112K
  class space    used 2965K, committed 3136K, reserved 1048576K
}
Event: 39.926 GC heap after
{Heap after GC invocations=19 (full 0):
 garbage-first heap   total 37888K, used 13799K [0x00000000f8000000, 0x0000000100000000)
  region size 1024K, 2 young (2048K), 2 survivors (2048K)
 Metaspace       used 23842K, committed 24192K, reserved 1114112K
  class space    used 2965K, committed 3136K, reserved 1048576K
}
Event: 40.255 GC heap before
{Heap before GC invocations=19 (full 0):
 garbage-first heap   total 37888K, used 30183K [0x00000000f8000000, 0x0000000100000000)
  region size 1024K, 19 young (19456K), 2 survivors (2048K)
 Metaspace       used 24604K, committed 24960K, reserved 1114112K
  class space    used 3083K, committed 3264K, reserved 1048576K
}
Event: 40.263 GC heap after
{Heap after GC invocations=20 (full 0):
 garbage-first heap   total 37888K, used 14431K [0x00000000f8000000, 0x0000000100000000)
  region size 1024K, 2 young (2048K), 2 survivors (2048K)
 Metaspace       used 24604K, committed 24960K, reserved 1114112K
  class space    used 3083K, committed 3264K, reserved 1048576K
}
Event: 40.472 GC heap before
{Heap before GC invocations=20 (full 0):
 garbage-first heap   total 37888K, used 30815K [0x00000000f8000000, 0x0000000100000000)
  region size 1024K, 18 young (18432K), 2 survivors (2048K)
 Metaspace       used 24994K, committed 25344K, reserved 1114112K
  class space    used 3141K, committed 3328K, reserved 1048576K
}
Event: 40.479 GC heap after
{Heap after GC invocations=21 (full 0):
 garbage-first heap   total 37888K, used 14754K [0x00000000f8000000, 0x0000000100000000)
  region size 1024K, 2 young (2048K), 2 survivors (2048K)
 Metaspace       used 24994K, committed 25344K, reserved 1114112K
  class space    used 3141K, committed 3328K, reserved 1048576K
}
Event: 40.745 GC heap before
{Heap before GC invocations=21 (full 0):
 garbage-first heap   total 37888K, used 31138K [0x00000000f8000000, 0x0000000100000000)
  region size 1024K, 18 young (18432K), 2 survivors (2048K)
 Metaspace       used 25653K, committed 25920K, reserved 1114112K
  class space    used 3246K, committed 3392K, reserved 1048576K
}
Event: 40.751 GC heap after
{Heap after GC invocations=22 (full 0):
 garbage-first heap   total 37888K, used 15220K [0x00000000f8000000, 0x0000000100000000)
  region size 1024K, 2 young (2048K), 2 survivors (2048K)
 Metaspace       used 25653K, committed 25920K, reserved 1114112K
  class space    used 3246K, committed 3392K, reserved 1048576K
}

