# JRE version: Java(TM) SE Runtime Environment (17.0.12+8) (build 17.0.12+8-LTS-286)
# Java VM: Java HotSpot(TM) 64-Bit Server VM (17.0.12+8-LTS-286, mixed mode, sharing, tiered, compressed oops, compressed class ptrs, g1 gc, windows-amd64)
GC Precious Log:
 CPUs: 8 total, 8 available
 Memory: 6086M
 Large Page Support: Disabled
 NUMA Support: Disabled
 Compressed Oops: Enabled (32-bit)
 Heap Region Size: 1M
 Heap Min Capacity: 8M
 Heap Initial Capacity: 96M
 Heap Max Capacity: 128M
 Pre-touch: Disabled
 Parallel Workers: 8
 Concurrent Workers: 2
 Concurrent Refinement Workers: 8
 Periodic GC: Disabled
Heap:
 garbage-first heap   total 46080K, used 32994K [0x00000000f8000000, 0x0000000100000000)
  region size 1024K, 11 young (11264K), 3 survivors (3072K)
 Metaspace       used 37993K, committed 38336K, reserved 1114112K
  class space    used 4744K, committed 4928K, reserved 1048576K
GC Heap History (20 events):
Event: 18.628 GC heap before
{Heap before GC invocations=28 (full 0):
 garbage-first heap   total 45056K, used 37078K [0x00000000f8000000, 0x0000000100000000)
  region size 1024K, 19 young (19456K), 2 survivors (2048K)
 Metaspace       used 33086K, committed 33472K, reserved 1114112K
  class space    used 4092K, committed 4288K, reserved 1048576K
}
Event: 18.636 GC heap after
{Heap after GC invocations=29 (full 0):
 garbage-first heap   total 45056K, used 20308K [0x00000000f8000000, 0x0000000100000000)
  region size 1024K, 2 young (2048K), 2 survivors (2048K)
 Metaspace       used 33086K, committed 33472K, reserved 1114112K
  class space    used 4092K, committed 4288K, reserved 1048576K
}
Event: 18.843 GC heap before
{Heap before GC invocations=29 (full 0):
 garbage-first heap   total 45056K, used 37716K [0x00000000f8000000, 0x0000000100000000)
  region size 1024K, 19 young (19456K), 2 survivors (2048K)
 Metaspace       used 33862K, committed 34176K, reserved 1114112K
  class space    used 4210K, committed 4352K, reserved 1048576K
}
Event: 18.851 GC heap after
{Heap after GC invocations=30 (full 0):
 garbage-first heap   total 45056K, used 20515K [0x00000000f8000000, 0x0000000100000000)
  region size 1024K, 2 young (2048K), 2 survivors (2048K)
 Metaspace       used 33862K, committed 34176K, reserved 1114112K
  class space    used 4210K, committed 4352K, reserved 1048576K
}
Event: 19.141 GC heap before
{Heap before GC invocations=30 (full 0):
 garbage-first heap   total 45056K, used 36899K [0x00000000f8000000, 0x0000000100000000)
  region size 1024K, 18 young (18432K), 2 survivors (2048K)
 Metaspace       used 34254K, committed 34624K, reserved 1114112K
  class space    used 4262K, committed 4416K, reserved 1048576K
}
Event: 19.148 GC heap after
{Heap after GC invocations=31 (full 0):
 garbage-first heap   total 45056K, used 21217K [0x00000000f8000000, 0x0000000100000000)
  region size 1024K, 2 young (2048K), 2 survivors (2048K)
 Metaspace       used 34254K, committed 34624K, reserved 1114112K
  class space    used 4262K, committed 4416K, reserved 1048576K
}
Event: 19.333 GC heap before
{Heap before GC invocations=31 (full 0):
 garbage-first heap   total 45056K, used 37601K [0x00000000f8000000, 0x0000000100000000)
  region size 1024K, 18 young (18432K), 2 survivors (2048K)
 Metaspace       used 34418K, committed 34752K, reserved 1114112K
  class space    used 4289K, committed 4416K, reserved 1048576K
}
Event: 19.340 GC heap after
{Heap after GC invocations=32 (full 0):
 garbage-first heap   total 45056K, used 21141K [0x00000000f8000000, 0x0000000100000000)
  region size 1024K, 2 young (2048K), 2 survivors (2048K)
 Metaspace       used 34418K, committed 34752K, reserved 1114112K
  class space    used 4289K, committed 4416K, reserved 1048576K
}
Event: 20.621 GC heap before
{Heap before GC invocations=32 (full 0):
 garbage-first heap   total 45056K, used 36501K [0x00000000f8000000, 0x0000000100000000)
  region size 1024K, 17 young (17408K), 2 survivors (2048K)
 Metaspace       used 34933K, committed 35264K, reserved 1114112K
  class space    used 4364K, committed 4544K, reserved 1048576K
}
Event: 20.631 GC heap after
{Heap after GC invocations=33 (full 0):
 garbage-first heap   total 45056K, used 21648K [0x00000000f8000000, 0x0000000100000000)
  region size 1024K, 2 young (2048K), 2 survivors (2048K)
 Metaspace       used 34933K, committed 35264K, reserved 1114112K
  class space    used 4364K, committed 4544K, reserved 1048576K
}
Event: 21.060 GC heap before
{Heap before GC invocations=34 (full 0):
 garbage-first heap   total 45056K, used 37008K [0x00000000f8000000, 0x0000000100000000)
  region size 1024K, 17 young (17408K), 2 survivors (2048K)
 Metaspace       used 35394K, committed 35776K, reserved 1114112K
  class space    used 4426K, committed 4608K, reserved 1048576K
}
Event: 21.069 GC heap after
{Heap after GC invocations=35 (full 0):
 garbage-first heap   total 45056K, used 22167K [0x00000000f8000000, 0x0000000100000000)
  region size 1024K, 2 young (2048K), 2 survivors (2048K)
 Metaspace       used 35394K, committed 35776K, reserved 1114112K
  class space    used 4426K, committed 4608K, reserved 1048576K
}
Event: 21.377 GC heap before
{Heap before GC invocations=35 (full 0):
 garbage-first heap   total 45056K, used 37527K [0x00000000f8000000, 0x0000000100000000)
  region size 1024K, 17 young (17408K), 2 survivors (2048K)
 Metaspace       used 35952K, committed 36288K, reserved 1114112K
  class space    used 4502K, committed 4672K, reserved 1048576K
}
Event: 21.387 GC heap after
{Heap after GC invocations=36 (full 0):
 garbage-first heap   total 45056K, used 22390K [0x00000000f8000000, 0x0000000100000000)
  region size 1024K, 2 young (2048K), 2 survivors (2048K)
 Metaspace       used 35952K, committed 36288K, reserved 1114112K
  class space    used 4502K, committed 4672K, reserved 1048576K
}
Event: 21.611 GC heap before
{Heap before GC invocations=37 (full 0):
 garbage-first heap   total 46080K, used 36726K [0x00000000f8000000, 0x0000000100000000)
  region size 1024K, 16 young (16384K), 2 survivors (2048K)
 Metaspace       used 36423K, committed 36736K, reserved 1114112K
  class space    used 4576K, committed 4736K, reserved 1048576K
}
Event: 21.619 GC heap after
{Heap after GC invocations=38 (full 0):
 garbage-first heap   total 46080K, used 22528K [0x00000000f8000000, 0x0000000100000000)
  region size 1024K, 1 young (1024K), 1 survivors (1024K)
 Metaspace       used 36423K, committed 36736K, reserved 1114112K
  class space    used 4576K, committed 4736K, reserved 1048576K
}
Event: 21.875 GC heap before
{Heap before GC invocations=38 (full 0):
 garbage-first heap   total 46080K, used 38912K [0x00000000f8000000, 0x0000000100000000)
  region size 1024K, 17 young (17408K), 1 survivors (1024K)
 Metaspace       used 37051K, committed 37312K, reserved 1114112K
  class space    used 4663K, committed 4800K, reserved 1048576K
}
Event: 21.882 GC heap after
{Heap after GC invocations=39 (full 0):
 garbage-first heap   total 46080K, used 22631K [0x00000000f8000000, 0x0000000100000000)
  region size 1024K, 2 young (2048K), 2 survivors (2048K)
 Metaspace       used 37051K, committed 37312K, reserved 1114112K
  class space    used 4663K, committed 4800K, reserved 1048576K
}
Event: 22.453 GC heap before
{Heap before GC invocations=40 (full 0):
 garbage-first heap   total 46080K, used 37991K [0x00000000f8000000, 0x0000000100000000)
  region size 1024K, 17 young (17408K), 2 survivors (2048K)
 Metaspace       used 37440K, committed 37760K, reserved 1114112K
  class space    used 4680K, committed 4800K, reserved 1048576K
}
Event: 22.466 GC heap after
{Heap after GC invocations=41 (full 0):
 garbage-first heap   total 46080K, used 25826K [0x00000000f8000000, 0x0000000100000000)
  region size 1024K, 3 young (3072K), 3 survivors (3072K)
 Metaspace       used 37440K, committed 37760K, reserved 1114112K
  class space    used 4680K, committed 4800K, reserved 1048576K
}

