# JRE version: Java(TM) SE Runtime Environment (17.0.12+8) (build 17.0.12+8-LTS-286)
# Java VM: Java HotSpot(TM) 64-Bit Server VM (17.0.12+8-LTS-286, mixed mode, sharing, tiered, compressed oops, compressed class ptrs, g1 gc, windows-amd64)
GC Precious Log:
 CPUs: 8 total, 8 available
 Memory: 6086M
 Large Page Support: Disabled
 NUMA Support: Disabled
 Compressed Oops: Enabled (32-bit)
 Heap Region Size: 1M
 Heap Min Capacity: 8M
 Heap Initial Capacity: 96M
 Heap Max Capacity: 128M
 Pre-touch: Disabled
 Parallel Workers: 8
 Concurrent Workers: 2
 Concurrent Refinement Workers: 8
 Periodic GC: Disabled
Heap:
 garbage-first heap   total 46080K, used 35303K [0x00000000f8000000, 0x0000000100000000)
  region size 1024K, 15 young (15360K), 2 survivors (2048K)
 Metaspace       used 37383K, committed 37696K, reserved 1114112K
  class space    used 4682K, committed 4800K, reserved 1048576K
GC Heap History (20 events):
Event: 22.677 GC heap before
{Heap before GC invocations=38 (full 0):
 garbage-first heap   total 40960K, used 34555K [0x00000000f8000000, 0x0000000100000000)
  region size 1024K, 15 young (15360K), 1 survivors (1024K)
 Metaspace       used 33078K, committed 33472K, reserved 1114112K
  class space    used 4096K, committed 4288K, reserved 1048576K
}
Event: 22.684 GC heap after
{Heap after GC invocations=39 (full 0):
 garbage-first heap   total 40960K, used 20728K [0x00000000f8000000, 0x0000000100000000)
  region size 1024K, 2 young (2048K), 2 survivors (2048K)
 Metaspace       used 33078K, committed 33472K, reserved 1114112K
  class space    used 4096K, committed 4288K, reserved 1048576K
}
Event: 22.865 GC heap before
{Heap before GC invocations=40 (full 0):
 garbage-first heap   total 43008K, used 34040K [0x00000000f8000000, 0x0000000100000000)
  region size 1024K, 15 young (15360K), 2 survivors (2048K)
 Metaspace       used 33727K, committed 34048K, reserved 1114112K
  class space    used 4198K, committed 4352K, reserved 1048576K
}
Event: 22.872 GC heap after
{Heap after GC invocations=41 (full 0):
 garbage-first heap   total 43008K, used 20941K [0x00000000f8000000, 0x0000000100000000)
  region size 1024K, 2 young (2048K), 2 survivors (2048K)
 Metaspace       used 33727K, committed 34048K, reserved 1114112K
  class space    used 4198K, committed 4352K, reserved 1048576K
}
Event: 23.174 GC heap before
{Heap before GC invocations=41 (full 0):
 garbage-first heap   total 43008K, used 33229K [0x00000000f8000000, 0x0000000100000000)
  region size 1024K, 15 young (15360K), 2 survivors (2048K)
 Metaspace       used 34160K, committed 34496K, reserved 1114112K
  class space    used 4253K, committed 4416K, reserved 1048576K
}
Event: 23.182 GC heap after
{Heap after GC invocations=42 (full 0):
 garbage-first heap   total 43008K, used 21459K [0x00000000f8000000, 0x0000000100000000)
  region size 1024K, 2 young (2048K), 2 survivors (2048K)
 Metaspace       used 34160K, committed 34496K, reserved 1114112K
  class space    used 4253K, committed 4416K, reserved 1048576K
}
Event: 23.447 GC heap before
{Heap before GC invocations=43 (full 0):
 garbage-first heap   total 43008K, used 34771K [0x00000000f8000000, 0x0000000100000000)
  region size 1024K, 15 young (15360K), 2 survivors (2048K)
 Metaspace       used 34246K, committed 34560K, reserved 1114112K
  class space    used 4275K, committed 4416K, reserved 1048576K
}
Event: 23.457 GC heap after
{Heap after GC invocations=44 (full 0):
 garbage-first heap   total 43008K, used 21851K [0x00000000f8000000, 0x0000000100000000)
  region size 1024K, 2 young (2048K), 2 survivors (2048K)
 Metaspace       used 34246K, committed 34560K, reserved 1114112K
  class space    used 4275K, committed 4416K, reserved 1048576K
}
Event: 23.735 GC heap before
{Heap before GC invocations=44 (full 0):
 garbage-first heap   total 43008K, used 34139K [0x00000000f8000000, 0x0000000100000000)
  region size 1024K, 14 young (14336K), 2 survivors (2048K)
 Metaspace       used 34454K, committed 34816K, reserved 1114112K
  class space    used 4303K, committed 4480K, reserved 1048576K
}
Event: 23.742 GC heap after
{Heap after GC invocations=45 (full 0):
 garbage-first heap   total 43008K, used 21702K [0x00000000f8000000, 0x0000000100000000)
  region size 1024K, 1 young (1024K), 1 survivors (1024K)
 Metaspace       used 34454K, committed 34816K, reserved 1114112K
  class space    used 4303K, committed 4480K, reserved 1048576K
}
Event: 24.708 GC heap before
{Heap before GC invocations=46 (full 0):
 garbage-first heap   total 43008K, used 35014K [0x00000000f8000000, 0x0000000100000000)
  region size 1024K, 14 young (14336K), 1 survivors (1024K)
 Metaspace       used 34932K, committed 35264K, reserved 1114112K
  class space    used 4375K, committed 4544K, reserved 1048576K
}
Event: 24.718 GC heap after
{Heap after GC invocations=47 (full 0):
 garbage-first heap   total 43008K, used 22093K [0x00000000f8000000, 0x0000000100000000)
  region size 1024K, 2 young (2048K), 2 survivors (2048K)
 Metaspace       used 34932K, committed 35264K, reserved 1114112K
  class space    used 4375K, committed 4544K, reserved 1048576K
}
Event: 25.163 GC heap before
{Heap before GC invocations=47 (full 0):
 garbage-first heap   total 43008K, used 34381K [0x00000000f8000000, 0x0000000100000000)
  region size 1024K, 14 young (14336K), 2 survivors (2048K)
 Metaspace       used 35339K, committed 35712K, reserved 1114112K
  class space    used 4423K, committed 4608K, reserved 1048576K
}
Event: 25.174 GC heap after
{Heap after GC invocations=48 (full 0):
 garbage-first heap   total 43008K, used 22452K [0x00000000f8000000, 0x0000000100000000)
  region size 1024K, 2 young (2048K), 2 survivors (2048K)
 Metaspace       used 35339K, committed 35712K, reserved 1114112K
  class space    used 4423K, committed 4608K, reserved 1048576K
}
Event: 25.403 GC heap before
{Heap before GC invocations=49 (full 0):
 garbage-first heap   total 46080K, used 34740K [0x00000000f8000000, 0x0000000100000000)
  region size 1024K, 14 young (14336K), 2 survivors (2048K)
 Metaspace       used 35752K, committed 36096K, reserved 1114112K
  class space    used 4476K, committed 4608K, reserved 1048576K
}
Event: 25.411 GC heap after
{Heap after GC invocations=50 (full 0):
 garbage-first heap   total 46080K, used 22643K [0x00000000f8000000, 0x0000000100000000)
  region size 1024K, 2 young (2048K), 2 survivors (2048K)
 Metaspace       used 35752K, committed 36096K, reserved 1114112K
  class space    used 4476K, committed 4608K, reserved 1048576K
}
Event: 25.678 GC heap before
{Heap before GC invocations=50 (full 0):
 garbage-first heap   total 46080K, used 38003K [0x00000000f8000000, 0x0000000100000000)
  region size 1024K, 17 young (17408K), 2 survivors (2048K)
 Metaspace       used 36322K, committed 36672K, reserved 1114112K
  class space    used 4559K, committed 4736K, reserved 1048576K
}
Event: 25.685 GC heap after
{Heap after GC invocations=51 (full 0):
 garbage-first heap   total 46080K, used 22853K [0x00000000f8000000, 0x0000000100000000)
  region size 1024K, 2 young (2048K), 2 survivors (2048K)
 Metaspace       used 36322K, committed 36672K, reserved 1114112K
  class space    used 4559K, committed 4736K, reserved 1048576K
}
Event: 26.031 GC heap before
{Heap before GC invocations=52 (full 0):
 garbage-first heap   total 46080K, used 38213K [0x00000000f8000000, 0x0000000100000000)
  region size 1024K, 17 young (17408K), 2 survivors (2048K)
 Metaspace       used 36821K, committed 37120K, reserved 1114112K
  class space    used 4635K, committed 4800K, reserved 1048576K
}
Event: 26.042 GC heap after
{Heap after GC invocations=53 (full 0):
 garbage-first heap   total 46080K, used 23015K [0x00000000f8000000, 0x0000000100000000)
  region size 1024K, 2 young (2048K), 2 survivors (2048K)
 Metaspace       used 36821K, committed 37120K, reserved 1114112K
  class space    used 4635K, committed 4800K, reserved 1048576K
}

