# JRE version: Java(TM) SE Runtime Environment (17.0.12+8) (build 17.0.12+8-LTS-286)
# Java VM: Java HotSpot(TM) 64-Bit Server VM (17.0.12+8-LTS-286, mixed mode, sharing, tiered, compressed oops, compressed class ptrs, g1 gc, windows-amd64)
GC Precious Log:
 CPUs: 8 total, 8 available
 Memory: 6086M
 Large Page Support: Disabled
 NUMA Support: Disabled
 Compressed Oops: Enabled (32-bit)
 Heap Region Size: 1M
 Heap Min Capacity: 8M
 Heap Initial Capacity: 96M
 Heap Max Capacity: 256M
 Pre-touch: Disabled
 Parallel Workers: 8
 Concurrent Workers: 2
 Concurrent Refinement Workers: 8
 Periodic GC: Disabled
Heap:
 garbage-first heap   total 98304K, used 52206K [0x00000000f0000000, 0x0000000100000000)
  region size 1024K, 49 young (50176K), 6 survivors (6144K)
 Metaspace       used 21084K, committed 21376K, reserved 1114112K
  class space    used 2615K, committed 2752K, reserved 1048576K
GC Heap History (14 events):
Event: 38.819 GC heap before
{Heap before GC invocations=0 (full 0):
 garbage-first heap   total 98304K, used 22528K [0x00000000f0000000, 0x0000000100000000)
  region size 1024K, 23 young (23552K), 0 survivors (0K)
 Metaspace       used 1568K, committed 1664K, reserved 1114112K
  class space    used 137K, committed 192K, reserved 1048576K
}
Event: 38.964 GC heap after
{Heap after GC invocations=1 (full 0):
 garbage-first heap   total 98304K, used 3791K [0x00000000f0000000, 0x0000000100000000)
  region size 1024K, 3 young (3072K), 3 survivors (3072K)
 Metaspace       used 1568K, committed 1664K, reserved 1114112K
  class space    used 137K, committed 192K, reserved 1048576K
}
Event: 43.369 GC heap before
{Heap before GC invocations=1 (full 0):
 garbage-first heap   total 98304K, used 27343K [0x00000000f0000000, 0x0000000100000000)
  region size 1024K, 26 young (26624K), 3 survivors (3072K)
 Metaspace       used 3003K, committed 3200K, reserved 1114112K
  class space    used 293K, committed 384K, reserved 1048576K
}
Event: 43.465 GC heap after
{Heap after GC invocations=2 (full 0):
 garbage-first heap   total 98304K, used 5156K [0x00000000f0000000, 0x0000000100000000)
  region size 1024K, 2 young (2048K), 2 survivors (2048K)
 Metaspace       used 3003K, committed 3200K, reserved 1114112K
  class space    used 293K, committed 384K, reserved 1048576K
}
Event: 49.923 GC heap before
{Heap before GC invocations=2 (full 0):
 garbage-first heap   total 98304K, used 47140K [0x00000000f0000000, 0x0000000100000000)
  region size 1024K, 43 young (44032K), 2 survivors (2048K)
 Metaspace       used 4770K, committed 4864K, reserved 1114112K
  class space    used 522K, committed 576K, reserved 1048576K
}
Event: 49.929 GC heap after
{Heap after GC invocations=3 (full 0):
 garbage-first heap   total 98304K, used 5606K [0x00000000f0000000, 0x0000000100000000)
  region size 1024K, 2 young (2048K), 2 survivors (2048K)
 Metaspace       used 4770K, committed 4864K, reserved 1114112K
  class space    used 522K, committed 576K, reserved 1048576K
}
Event: 56.578 GC heap before
{Heap before GC invocations=3 (full 0):
 garbage-first heap   total 98304K, used 60902K [0x00000000f0000000, 0x0000000100000000)
  region size 1024K, 57 young (58368K), 2 survivors (2048K)
 Metaspace       used 8085K, committed 8256K, reserved 1114112K
  class space    used 1021K, committed 1088K, reserved 1048576K
}
Event: 56.587 GC heap after
{Heap after GC invocations=4 (full 0):
 garbage-first heap   total 98304K, used 6673K [0x00000000f0000000, 0x0000000100000000)
  region size 1024K, 3 young (3072K), 3 survivors (3072K)
 Metaspace       used 8085K, committed 8256K, reserved 1114112K
  class space    used 1021K, committed 1088K, reserved 1048576K
}
Event: 59.204 GC heap before
{Heap before GC invocations=4 (full 0):
 garbage-first heap   total 98304K, used 61969K [0x00000000f0000000, 0x0000000100000000)
  region size 1024K, 57 young (58368K), 3 survivors (3072K)
 Metaspace       used 11862K, committed 12032K, reserved 1114112K
  class space    used 1430K, committed 1536K, reserved 1048576K
}
Event: 59.213 GC heap after
{Heap after GC invocations=5 (full 0):
 garbage-first heap   total 98304K, used 7384K [0x00000000f0000000, 0x0000000100000000)
  region size 1024K, 4 young (4096K), 4 survivors (4096K)
 Metaspace       used 11862K, committed 12032K, reserved 1114112K
  class space    used 1430K, committed 1536K, reserved 1048576K
}
Event: 63.267 GC heap before
{Heap before GC invocations=5 (full 0):
 garbage-first heap   total 98304K, used 61656K [0x00000000f0000000, 0x0000000100000000)
  region size 1024K, 57 young (58368K), 4 survivors (4096K)
 Metaspace       used 15832K, committed 16064K, reserved 1114112K
  class space    used 1978K, committed 2112K, reserved 1048576K
}
Event: 63.274 GC heap after
{Heap after GC invocations=6 (full 0):
 garbage-first heap   total 98304K, used 8228K [0x00000000f0000000, 0x0000000100000000)
  region size 1024K, 5 young (5120K), 5 survivors (5120K)
 Metaspace       used 15832K, committed 16064K, reserved 1114112K
  class space    used 1978K, committed 2112K, reserved 1048576K
}
Event: 65.650 GC heap before
{Heap before GC invocations=6 (full 0):
 garbage-first heap   total 98304K, used 61476K [0x00000000f0000000, 0x0000000100000000)
  region size 1024K, 57 young (58368K), 5 survivors (5120K)
 Metaspace       used 19372K, committed 19584K, reserved 1114112K
  class space    used 2399K, committed 2496K, reserved 1048576K
}
Event: 65.661 GC heap after
{Heap after GC invocations=7 (full 0):
 garbage-first heap   total 98304K, used 9198K [0x00000000f0000000, 0x0000000100000000)
  region size 1024K, 6 young (6144K), 6 survivors (6144K)
 Metaspace       used 19372K, committed 19584K, reserved 1114112K
  class space    used 2399K, committed 2496K, reserved 1048576K
}

