# JRE version: Java(TM) SE Runtime Environment (17.0.12+8) (build 17.0.12+8-LTS-286)
# Java VM: Java HotSpot(TM) 64-Bit Server VM (17.0.12+8-LTS-286, mixed mode, sharing, tiered, compressed oops, compressed class ptrs, g1 gc, windows-amd64)
GC Precious Log:
 CPUs: 8 total, 8 available
 Memory: 6086M
 Large Page Support: Disabled
 NUMA Support: Disabled
 Compressed Oops: Enabled (32-bit)
 Heap Region Size: 1M
 Heap Min Capacity: 8M
 Heap Initial Capacity: 96M
 Heap Max Capacity: 512M
 Pre-touch: Disabled
 Parallel Workers: 8
 Concurrent Workers: 2
 Concurrent Refinement Workers: 8
 Periodic GC: Disabled
Heap:
 garbage-first heap   total 98304K, used 56043K [0x00000000e0000000, 0x0000000100000000)
  region size 1024K, 51 young (52224K), 8 survivors (8192K)
 Metaspace       used 13190K, committed 13376K, reserved 1114112K
  class space    used 1503K, committed 1600K, reserved 1048576K
GC Heap History (6 events):
Event: 2.757 GC heap before
{Heap before GC invocations=0 (full 0):
 garbage-first heap   total 98304K, used 23552K [0x00000000e0000000, 0x0000000100000000)
  region size 1024K, 23 young (23552K), 0 survivors (0K)
 Metaspace       used 5595K, committed 5760K, reserved 1114112K
  class space    used 640K, committed 704K, reserved 1048576K
}
Event: 2.770 GC heap after
{Heap after GC invocations=1 (full 0):
 garbage-first heap   total 98304K, used 4000K [0x00000000e0000000, 0x0000000100000000)
  region size 1024K, 3 young (3072K), 3 survivors (3072K)
 Metaspace       used 5595K, committed 5760K, reserved 1114112K
  class space    used 640K, committed 704K, reserved 1048576K
}
Event: 465.950 GC heap before
{Heap before GC invocations=1 (full 0):
 garbage-first heap   total 98304K, used 33696K [0x00000000e0000000, 0x0000000100000000)
  region size 1024K, 32 young (32768K), 3 survivors (3072K)
 Metaspace       used 9974K, committed 10112K, reserved 1114112K
  class space    used 1210K, committed 1280K, reserved 1048576K
}
Event: 465.962 GC heap after
{Heap after GC invocations=2 (full 0):
 garbage-first heap   total 98304K, used 5689K [0x00000000e0000000, 0x0000000100000000)
  region size 1024K, 2 young (2048K), 2 survivors (2048K)
 Metaspace       used 9974K, committed 10112K, reserved 1114112K
  class space    used 1210K, committed 1280K, reserved 1048576K
}
Event: 471.427 GC heap before
{Heap before GC invocations=2 (full 0):
 garbage-first heap   total 98304K, used 62009K [0x00000000e0000000, 0x0000000100000000)
  region size 1024K, 57 young (58368K), 2 survivors (2048K)
 Metaspace       used 12814K, committed 12992K, reserved 1114112K
  class space    used 1480K, committed 1600K, reserved 1048576K
}
Event: 471.457 GC heap after
{Heap after GC invocations=3 (full 0):
 garbage-first heap   total 98304K, used 13035K [0x00000000e0000000, 0x0000000100000000)
  region size 1024K, 8 young (8192K), 8 survivors (8192K)
 Metaspace       used 12814K, committed 12992K, reserved 1114112K
  class space    used 1480K, committed 1600K, reserved 1048576K
}

