# JRE version: Java(TM) SE Runtime Environment (17.0.12+8) (build 17.0.12+8-LTS-286)
# Java VM: Java HotSpot(TM) 64-Bit Server VM (17.0.12+8-LTS-286, mixed mode, sharing, tiered, compressed oops, compressed class ptrs, g1 gc, windows-amd64)
GC Precious Log:
 CPUs: 8 total, 8 available
 Memory: 6086M
 Large Page Support: Disabled
 NUMA Support: Disabled
 Compressed Oops: Enabled (32-bit)
 Heap Region Size: 1M
 Heap Min Capacity: 8M
 Heap Initial Capacity: 96M
 Heap Max Capacity: 1522M
 Pre-touch: Disabled
 Parallel Workers: 8
 Concurrent Workers: 2
 Concurrent Refinement Workers: 8
 Periodic GC: Disabled
Heap:
 garbage-first heap   total 98304K, used 48640K [0x00000000a0e00000, 0x0000000100000000)
  region size 1024K, 29 young (29696K), 5 survivors (5120K)
 Metaspace       used 13595K, committed 13760K, reserved 1114112K
  class space    used 1506K, committed 1600K, reserved 1048576K
GC Heap History (10 events):
Event: 1.820 GC heap before
{Heap before GC invocations=0 (full 0):
 garbage-first heap   total 98304K, used 23552K [0x00000000a0e00000, 0x0000000100000000)
  region size 1024K, 23 young (23552K), 0 survivors (0K)
 Metaspace       used 5596K, committed 5760K, reserved 1114112K
  class space    used 640K, committed 704K, reserved 1048576K
}
Event: 1.831 GC heap after
{Heap after GC invocations=1 (full 0):
 garbage-first heap   total 98304K, used 3972K [0x00000000a0e00000, 0x0000000100000000)
  region size 1024K, 3 young (3072K), 3 survivors (3072K)
 Metaspace       used 5596K, committed 5760K, reserved 1114112K
  class space    used 640K, committed 704K, reserved 1048576K
}
Event: 2.784 GC heap before
{Heap before GC invocations=1 (full 0):
 garbage-first heap   total 98304K, used 33668K [0x00000000a0e00000, 0x0000000100000000)
  region size 1024K, 32 young (32768K), 3 survivors (3072K)
 Metaspace       used 9961K, committed 10112K, reserved 1114112K
  class space    used 1209K, committed 1280K, reserved 1048576K
}
Event: 2.795 GC heap after
{Heap after GC invocations=2 (full 0):
 garbage-first heap   total 98304K, used 5615K [0x00000000a0e00000, 0x0000000100000000)
  region size 1024K, 2 young (2048K), 2 survivors (2048K)
 Metaspace       used 9961K, committed 10112K, reserved 1114112K
  class space    used 1209K, committed 1280K, reserved 1048576K
}
Event: 4.456 GC heap before
{Heap before GC invocations=2 (full 0):
 garbage-first heap   total 98304K, used 61935K [0x00000000a0e00000, 0x0000000100000000)
  region size 1024K, 57 young (58368K), 2 survivors (2048K)
 Metaspace       used 12773K, committed 12992K, reserved 1114112K
  class space    used 1477K, committed 1600K, reserved 1048576K
}
Event: 4.486 GC heap after
{Heap after GC invocations=3 (full 0):
 garbage-first heap   total 98304K, used 13242K [0x00000000a0e00000, 0x0000000100000000)
  region size 1024K, 8 young (8192K), 8 survivors (8192K)
 Metaspace       used 12773K, committed 12992K, reserved 1114112K
  class space    used 1477K, committed 1600K, reserved 1048576K
}
Event: 5.887 GC heap before
{Heap before GC invocations=3 (full 0):
 garbage-first heap   total 98304K, used 63418K [0x00000000a0e00000, 0x0000000100000000)
  region size 1024K, 57 young (58368K), 8 survivors (8192K)
 Metaspace       used 13170K, committed 13376K, reserved 1114112K
  class space    used 1503K, committed 1600K, reserved 1048576K
}
Event: 5.926 GC heap after
{Heap after GC invocations=4 (full 0):
 garbage-first heap   total 98304K, used 20480K [0x00000000a0e00000, 0x0000000100000000)
  region size 1024K, 7 young (7168K), 7 survivors (7168K)
 Metaspace       used 13170K, committed 13376K, reserved 1114112K
  class space    used 1503K, committed 1600K, reserved 1048576K
}
Event: 8.376 GC heap before
{Heap before GC invocations=4 (full 0):
 garbage-first heap   total 98304K, used 66560K [0x00000000a0e00000, 0x0000000100000000)
  region size 1024K, 52 young (53248K), 7 survivors (7168K)
 Metaspace       used 13451K, committed 13632K, reserved 1114112K
  class space    used 1505K, committed 1600K, reserved 1048576K
}
Event: 8.402 GC heap after
{Heap after GC invocations=5 (full 0):
 garbage-first heap   total 98304K, used 25088K [0x00000000a0e00000, 0x0000000100000000)
  region size 1024K, 5 young (5120K), 5 survivors (5120K)
 Metaspace       used 13451K, committed 13632K, reserved 1114112K
  class space    used 1505K, committed 1600K, reserved 1048576K
}

