# JRE version: Java(TM) SE Runtime Environment (17.0.12+8) (build 17.0.12+8-LTS-286)
# Java VM: Java HotSpot(TM) 64-Bit Server VM (17.0.12+8-LTS-286, mixed mode, sharing, tiered, compressed oops, compressed class ptrs, g1 gc, windows-amd64)
GC Precious Log:
 CPUs: 8 total, 8 available
 Memory: 6086M
 Large Page Support: Disabled
 NUMA Support: Disabled
 Compressed Oops: Enabled (32-bit)
 Heap Region Size: 1M
 Heap Min Capacity: 8M
 Heap Initial Capacity: 96M
 Heap Max Capacity: 1522M
 Pre-touch: Disabled
 Parallel Workers: 8
 Concurrent Workers: 2
 Concurrent Refinement Workers: 8
 Periodic GC: Disabled
Heap:
 garbage-first heap   total 51200K, used 31584K [0x00000000a0e00000, 0x0000000100000000)
  region size 1024K, 7 young (7168K), 2 survivors (2048K)
 Metaspace       used 51583K, committed 51904K, reserved 1114112K
  class space    used 6816K, committed 6976K, reserved 1048576K
GC Heap History (20 events):
Event: 11.284 GC heap before
{Heap before GC invocations=6 (full 0):
 garbage-first heap   total 51200K, used 35541K [0x00000000a0e00000, 0x0000000100000000)
  region size 1024K, 22 young (22528K), 3 survivors (3072K)
 Metaspace       used 25342K, committed 25664K, reserved 1114112K
  class space    used 3237K, committed 3392K, reserved 1048576K
}
Event: 11.302 GC heap after
{Heap after GC invocations=7 (full 0):
 garbage-first heap   total 51200K, used 17753K [0x00000000a0e00000, 0x0000000100000000)
  region size 1024K, 2 young (2048K), 2 survivors (2048K)
 Metaspace       used 25342K, committed 25664K, reserved 1114112K
  class space    used 3237K, committed 3392K, reserved 1048576K
}
Event: 12.594 GC heap before
{Heap before GC invocations=7 (full 0):
 garbage-first heap   total 51200K, used 37209K [0x00000000a0e00000, 0x0000000100000000)
  region size 1024K, 21 young (21504K), 2 survivors (2048K)
 Metaspace       used 27317K, committed 27648K, reserved 1114112K
  class space    used 3456K, committed 3584K, reserved 1048576K
}
Event: 12.616 GC heap after
{Heap after GC invocations=8 (full 0):
 garbage-first heap   total 51200K, used 19363K [0x00000000a0e00000, 0x0000000100000000)
  region size 1024K, 3 young (3072K), 3 survivors (3072K)
 Metaspace       used 27317K, committed 27648K, reserved 1114112K
  class space    used 3456K, committed 3584K, reserved 1048576K
}
Event: 17.516 GC heap before
{Heap before GC invocations=8 (full 0):
 garbage-first heap   total 51200K, used 38819K [0x00000000a0e00000, 0x0000000100000000)
  region size 1024K, 22 young (22528K), 3 survivors (3072K)
 Metaspace       used 30887K, committed 31168K, reserved 1114112K
  class space    used 3861K, committed 4032K, reserved 1048576K
}
Event: 17.531 GC heap after
{Heap after GC invocations=9 (full 0):
 garbage-first heap   total 51200K, used 21899K [0x00000000a0e00000, 0x0000000100000000)
  region size 1024K, 3 young (3072K), 3 survivors (3072K)
 Metaspace       used 30887K, committed 31168K, reserved 1114112K
  class space    used 3861K, committed 4032K, reserved 1048576K
}
Event: 18.632 GC heap before
{Heap before GC invocations=9 (full 0):
 garbage-first heap   total 51200K, used 38283K [0x00000000a0e00000, 0x0000000100000000)
  region size 1024K, 20 young (20480K), 3 survivors (3072K)
 Metaspace       used 31913K, committed 32192K, reserved 1114112K
  class space    used 3985K, committed 4096K, reserved 1048576K
}
Event: 18.640 GC heap after
{Heap after GC invocations=10 (full 0):
 garbage-first heap   total 51200K, used 23147K [0x00000000a0e00000, 0x0000000100000000)
  region size 1024K, 2 young (2048K), 2 survivors (2048K)
 Metaspace       used 31913K, committed 32192K, reserved 1114112K
  class space    used 3985K, committed 4096K, reserved 1048576K
}
Event: 19.460 GC heap before
{Heap before GC invocations=10 (full 0):
 garbage-first heap   total 51200K, used 38507K [0x00000000a0e00000, 0x0000000100000000)
  region size 1024K, 18 young (18432K), 2 survivors (2048K)
 Metaspace       used 35255K, committed 35520K, reserved 1114112K
  class space    used 4309K, committed 4416K, reserved 1048576K
}
Event: 19.465 GC heap after
{Heap after GC invocations=11 (full 0):
 garbage-first heap   total 51200K, used 23685K [0x00000000a0e00000, 0x0000000100000000)
  region size 1024K, 2 young (2048K), 2 survivors (2048K)
 Metaspace       used 35255K, committed 35520K, reserved 1114112K
  class space    used 4309K, committed 4416K, reserved 1048576K
}
Event: 19.579 GC heap before
{Heap before GC invocations=11 (full 0):
 garbage-first heap   total 51200K, used 24709K [0x00000000a0e00000, 0x0000000100000000)
  region size 1024K, 4 young (4096K), 2 survivors (2048K)
 Metaspace       used 35895K, committed 36160K, reserved 1114112K
  class space    used 4390K, committed 4544K, reserved 1048576K
}
Event: 19.582 GC heap after
{Heap after GC invocations=12 (full 0):
 garbage-first heap   total 51200K, used 23884K [0x00000000a0e00000, 0x0000000100000000)
  region size 1024K, 2 young (2048K), 2 survivors (2048K)
 Metaspace       used 35895K, committed 36160K, reserved 1114112K
  class space    used 4390K, committed 4544K, reserved 1048576K
}
Event: 20.859 GC heap before
{Heap before GC invocations=13 (full 0):
 garbage-first heap   total 51200K, used 40268K [0x00000000a0e00000, 0x0000000100000000)
  region size 1024K, 18 young (18432K), 2 survivors (2048K)
 Metaspace       used 39955K, committed 40256K, reserved 1114112K
  class space    used 5077K, committed 5248K, reserved 1048576K
}
Event: 20.863 GC heap after
{Heap after GC invocations=14 (full 0):
 garbage-first heap   total 51200K, used 24602K [0x00000000a0e00000, 0x0000000100000000)
  region size 1024K, 3 young (3072K), 3 survivors (3072K)
 Metaspace       used 39955K, committed 40256K, reserved 1114112K
  class space    used 5077K, committed 5248K, reserved 1048576K
}
Event: 22.290 GC heap before
{Heap before GC invocations=14 (full 0):
 garbage-first heap   total 51200K, used 39962K [0x00000000a0e00000, 0x0000000100000000)
  region size 1024K, 19 young (19456K), 3 survivors (3072K)
 Metaspace       used 44691K, committed 45056K, reserved 1114112K
  class space    used 5764K, committed 5952K, reserved 1048576K
}
Event: 22.295 GC heap after
{Heap after GC invocations=15 (full 0):
 garbage-first heap   total 51200K, used 25703K [0x00000000a0e00000, 0x0000000100000000)
  region size 1024K, 3 young (3072K), 3 survivors (3072K)
 Metaspace       used 44691K, committed 45056K, reserved 1114112K
  class space    used 5764K, committed 5952K, reserved 1048576K
}
Event: 23.361 GC heap before
{Heap before GC invocations=15 (full 0):
 garbage-first heap   total 51200K, used 40039K [0x00000000a0e00000, 0x0000000100000000)
  region size 1024K, 17 young (17408K), 3 survivors (3072K)
 Metaspace       used 48191K, committed 48512K, reserved 1114112K
  class space    used 6355K, committed 6528K, reserved 1048576K
}
Event: 23.365 GC heap after
{Heap after GC invocations=16 (full 0):
 garbage-first heap   total 51200K, used 26318K [0x00000000a0e00000, 0x0000000100000000)
  region size 1024K, 2 young (2048K), 2 survivors (2048K)
 Metaspace       used 48191K, committed 48512K, reserved 1114112K
  class space    used 6355K, committed 6528K, reserved 1048576K
}
Event: 24.292 GC heap before
{Heap before GC invocations=17 (full 0):
 garbage-first heap   total 51200K, used 41678K [0x00000000a0e00000, 0x0000000100000000)
  region size 1024K, 17 young (17408K), 2 survivors (2048K)
 Metaspace       used 50685K, committed 51072K, reserved 1114112K
  class space    used 6674K, committed 6848K, reserved 1048576K
}
Event: 24.297 GC heap after
{Heap after GC invocations=18 (full 0):
 garbage-first heap   total 51200K, used 27488K [0x00000000a0e00000, 0x0000000100000000)
  region size 1024K, 2 young (2048K), 2 survivors (2048K)
 Metaspace       used 50685K, committed 51072K, reserved 1114112K
  class space    used 6674K, committed 6848K, reserved 1048576K
}

