# JRE version: Java(TM) SE Runtime Environment (17.0.12+8) (build 17.0.12+8-LTS-286)
# Java VM: Java HotSpot(TM) 64-Bit Server VM (17.0.12+8-LTS-286, mixed mode, sharing, tiered, compressed oops, compressed class ptrs, g1 gc, windows-amd64)
GC Precious Log:
 CPUs: 8 total, 8 available
 Memory: 6086M
 Large Page Support: Disabled
 NUMA Support: Disabled
 Compressed Oops: Enabled (32-bit)
 Heap Region Size: 1M
 Heap Min Capacity: 8M
 Heap Initial Capacity: 96M
 Heap Max Capacity: 1522M
 Pre-touch: Disabled
 Parallel Workers: 8
 Concurrent Workers: 2
 Concurrent Refinement Workers: 8
 Periodic GC: Disabled
Heap:
 garbage-first heap   total 118784K, used 63350K [0x00000000a0e00000, 0x0000000100000000)
  region size 1024K, 35 young (35840K), 4 survivors (4096K)
 Metaspace       used 16143K, committed 16384K, reserved 1114112K
  class space    used 1782K, committed 1920K, reserved 1048576K
GC Heap History (14 events):
Event: 2.052 GC heap before
{Heap before GC invocations=0 (full 0):
 garbage-first heap   total 98304K, used 23552K [0x00000000a0e00000, 0x0000000100000000)
  region size 1024K, 23 young (23552K), 0 survivors (0K)
 Metaspace       used 5597K, committed 5760K, reserved 1114112K
  class space    used 640K, committed 704K, reserved 1048576K
}
Event: 2.086 GC heap after
{Heap after GC invocations=1 (full 0):
 garbage-first heap   total 98304K, used 3836K [0x00000000a0e00000, 0x0000000100000000)
  region size 1024K, 3 young (3072K), 3 survivors (3072K)
 Metaspace       used 5597K, committed 5760K, reserved 1114112K
  class space    used 640K, committed 704K, reserved 1048576K
}
Event: 3.787 GC heap before
{Heap before GC invocations=1 (full 0):
 garbage-first heap   total 98304K, used 33532K [0x00000000a0e00000, 0x0000000100000000)
  region size 1024K, 32 young (32768K), 3 survivors (3072K)
 Metaspace       used 9938K, committed 10112K, reserved 1114112K
  class space    used 1205K, committed 1280K, reserved 1048576K
}
Event: 3.798 GC heap after
{Heap after GC invocations=2 (full 0):
 garbage-first heap   total 98304K, used 5633K [0x00000000a0e00000, 0x0000000100000000)
  region size 1024K, 2 young (2048K), 2 survivors (2048K)
 Metaspace       used 9938K, committed 10112K, reserved 1114112K
  class space    used 1205K, committed 1280K, reserved 1048576K
}
Event: 6.658 GC heap before
{Heap before GC invocations=2 (full 0):
 garbage-first heap   total 98304K, used 61953K [0x00000000a0e00000, 0x0000000100000000)
  region size 1024K, 57 young (58368K), 2 survivors (2048K)
 Metaspace       used 12783K, committed 12992K, reserved 1114112K
  class space    used 1477K, committed 1600K, reserved 1048576K
}
Event: 6.705 GC heap after
{Heap after GC invocations=3 (full 0):
 garbage-first heap   total 98304K, used 13255K [0x00000000a0e00000, 0x0000000100000000)
  region size 1024K, 8 young (8192K), 8 survivors (8192K)
 Metaspace       used 12783K, committed 12992K, reserved 1114112K
  class space    used 1477K, committed 1600K, reserved 1048576K
}
Event: 8.710 GC heap before
{Heap before GC invocations=3 (full 0):
 garbage-first heap   total 98304K, used 63431K [0x00000000a0e00000, 0x0000000100000000)
  region size 1024K, 57 young (58368K), 8 survivors (8192K)
 Metaspace       used 13220K, committed 13376K, reserved 1114112K
  class space    used 1506K, committed 1600K, reserved 1048576K
}
Event: 8.752 GC heap after
{Heap after GC invocations=4 (full 0):
 garbage-first heap   total 98304K, used 19815K [0x00000000a0e00000, 0x0000000100000000)
  region size 1024K, 7 young (7168K), 7 survivors (7168K)
 Metaspace       used 13220K, committed 13376K, reserved 1114112K
  class space    used 1506K, committed 1600K, reserved 1048576K
}
Event: 10.421 GC heap before
{Heap before GC invocations=4 (full 0):
 garbage-first heap   total 98304K, used 66919K [0x00000000a0e00000, 0x0000000100000000)
  region size 1024K, 53 young (54272K), 7 survivors (7168K)
 Metaspace       used 13474K, committed 13696K, reserved 1114112K
  class space    used 1507K, committed 1600K, reserved 1048576K
}
Event: 10.454 GC heap after
{Heap after GC invocations=5 (full 0):
 garbage-first heap   total 98304K, used 23552K [0x00000000a0e00000, 0x0000000100000000)
  region size 1024K, 4 young (4096K), 4 survivors (4096K)
 Metaspace       used 13474K, committed 13696K, reserved 1114112K
  class space    used 1507K, committed 1600K, reserved 1048576K
}
Event: 13.273 GC heap before
{Heap before GC invocations=5 (full 0):
 garbage-first heap   total 98304K, used 70656K [0x00000000a0e00000, 0x0000000100000000)
  region size 1024K, 50 young (51200K), 4 survivors (4096K)
 Metaspace       used 13860K, committed 14144K, reserved 1114112K
  class space    used 1522K, committed 1664K, reserved 1048576K
}
Event: 13.303 GC heap after
{Heap after GC invocations=6 (full 0):
 garbage-first heap   total 118784K, used 28611K [0x00000000a0e00000, 0x0000000100000000)
  region size 1024K, 5 young (5120K), 5 survivors (5120K)
 Metaspace       used 13860K, committed 14144K, reserved 1114112K
  class space    used 1522K, committed 1664K, reserved 1048576K
}
Event: 16.677 GC heap before
{Heap before GC invocations=6 (full 0):
 garbage-first heap   total 118784K, used 86979K [0x00000000a0e00000, 0x0000000100000000)
  region size 1024K, 62 young (63488K), 5 survivors (5120K)
 Metaspace       used 15300K, committed 15552K, reserved 1114112K
  class space    used 1650K, committed 1792K, reserved 1048576K
}
Event: 16.697 GC heap after
{Heap after GC invocations=7 (full 0):
 garbage-first heap   total 118784K, used 32630K [0x00000000a0e00000, 0x0000000100000000)
  region size 1024K, 4 young (4096K), 4 survivors (4096K)
 Metaspace       used 15300K, committed 15552K, reserved 1114112K
  class space    used 1650K, committed 1792K, reserved 1048576K
}

