# JRE version: Java(TM) SE Runtime Environment (17.0.12+8) (build 17.0.12+8-LTS-286)
# Java VM: Java HotSpot(TM) 64-Bit Server VM (17.0.12+8-LTS-286, mixed mode, sharing, tiered, compressed oops, compressed class ptrs, g1 gc, windows-amd64)
GC Precious Log:
 CPUs: 8 total, 8 available
 Memory: 6086M
 Large Page Support: Disabled
 NUMA Support: Disabled
 Compressed Oops: Enabled (32-bit)
 Heap Region Size: 1M
 Heap Min Capacity: 8M
 Heap Initial Capacity: 96M
 Heap Max Capacity: 1522M
 Pre-touch: Disabled
 Parallel Workers: 8
 Concurrent Workers: 2
 Concurrent Refinement Workers: 8
 Periodic GC: Disabled
Heap:
 garbage-first heap   total 55296K, used 28439K [0x00000000a0e00000, 0x0000000100000000)
  region size 1024K, 19 young (19456K), 4 survivors (4096K)
 Metaspace       used 22186K, committed 22400K, reserved 1114112K
  class space    used 2790K, committed 2880K, reserved 1048576K
GC Heap History (8 events):
Event: 4.728 GC heap before
{Heap before GC invocations=0 (full 0):
 garbage-first heap   total 98304K, used 23552K [0x00000000a0e00000, 0x0000000100000000)
  region size 1024K, 23 young (23552K), 0 survivors (0K)
 Metaspace       used 5463K, committed 5632K, reserved 1114112K
  class space    used 595K, committed 704K, reserved 1048576K
}
Event: 4.737 GC heap after
{Heap after GC invocations=1 (full 0):
 garbage-first heap   total 98304K, used 8714K [0x00000000a0e00000, 0x0000000100000000)
  region size 1024K, 3 young (3072K), 3 survivors (3072K)
 Metaspace       used 5463K, committed 5632K, reserved 1114112K
  class space    used 595K, committed 704K, reserved 1048576K
}
Event: 5.544 GC heap before
{Heap before GC invocations=1 (full 0):
 garbage-first heap   total 98304K, used 31242K [0x00000000a0e00000, 0x0000000100000000)
  region size 1024K, 25 young (25600K), 3 survivors (3072K)
 Metaspace       used 11279K, committed 11520K, reserved 1114112K
  class space    used 1428K, committed 1536K, reserved 1048576K
}
Event: 5.551 GC heap after
{Heap after GC invocations=2 (full 0):
 garbage-first heap   total 98304K, used 10559K [0x00000000a0e00000, 0x0000000100000000)
  region size 1024K, 2 young (2048K), 2 survivors (2048K)
 Metaspace       used 11279K, committed 11520K, reserved 1114112K
  class space    used 1428K, committed 1536K, reserved 1048576K
}
Event: 7.223 GC heap before
{Heap before GC invocations=2 (full 0):
 garbage-first heap   total 98304K, used 47423K [0x00000000a0e00000, 0x0000000100000000)
  region size 1024K, 39 young (39936K), 2 survivors (2048K)
 Metaspace       used 20635K, committed 20864K, reserved 1114112K
  class space    used 2599K, committed 2688K, reserved 1048576K
}
Event: 7.235 GC heap after
{Heap after GC invocations=3 (full 0):
 garbage-first heap   total 98304K, used 13229K [0x00000000a0e00000, 0x0000000100000000)
  region size 1024K, 5 young (5120K), 5 survivors (5120K)
 Metaspace       used 20635K, committed 20864K, reserved 1114112K
  class space    used 2599K, committed 2688K, reserved 1048576K
}
Event: 8.531 GC heap before
{Heap before GC invocations=3 (full 0):
 garbage-first heap   total 98304K, used 18349K [0x00000000a0e00000, 0x0000000100000000)
  region size 1024K, 11 young (11264K), 5 survivors (5120K)
 Metaspace       used 21308K, committed 21504K, reserved 1114112K
  class space    used 2688K, committed 2752K, reserved 1048576K
}
Event: 8.538 GC heap after
{Heap after GC invocations=4 (full 0):
 garbage-first heap   total 98304K, used 14103K [0x00000000a0e00000, 0x0000000100000000)
  region size 1024K, 4 young (4096K), 4 survivors (4096K)
 Metaspace       used 21308K, committed 21504K, reserved 1114112K
  class space    used 2688K, committed 2752K, reserved 1048576K
}

